<?xml version="1.0" encoding="UTF-8"?>
<!-- Generated by org.testng.reporters.JUnitReportReporter -->
<testsuite hostname="LAPTOP-UL4VISUC" failures="0" tests="1" name="MouseActions.RightClickActions" time="3.431" errors="0" timestamp="2024-06-21T19:41:59 IST" skipped="0">
  <testcase classname="MouseActions.RightClickActions" name="Login_Test" time="3.431"/>
</testsuite> <!-- MouseActions.RightClickActions -->
