<?xml version="1.0" encoding="UTF-8"?>
<!-- Generated by org.testng.reporters.JUnitReportReporter -->
<testsuite hostname="LAPTOP-UL4VISUC" failures="0" tests="1" name="MNO4Parameters.TC1_Jobs_Add2" time="24.280" errors="0" timestamp="2024-06-08T16:28:24 IST" skipped="0">
  <testcase classname="MNO4Parameters.TC1_Jobs_Add2" name="Addjobs1" time="24.280"/>
</testsuite> <!-- MNO4Parameters.TC1_Jobs_Add2 -->
