<?xml version="1.0" encoding="UTF-8"?>
<!-- Generated by org.testng.reporters.JUnitReportReporter -->
<testsuite hostname="LAPTOP-UL4VISUC" failures="0" tests="1" name="MouseActions.TC02_Double_Click" time="6.243" errors="0" timestamp="2024-06-21T20:09:23 IST" skipped="0">
  <testcase classname="MouseActions.TC02_Double_Click" name="Login_Test" time="6.243"/>
</testsuite> <!-- MouseActions.TC02_Double_Click -->
