<?xml version="1.0" encoding="UTF-8"?>
<!-- Generated by org.testng.reporters.JUnitReportReporter -->
<testsuite hostname="LAPTOP-UL4VISUC" failures="0" tests="2" name="MNO3.TC1_Jobs_Add1" time="56.265" errors="0" timestamp="2024-07-03T12:44:49 IST" skipped="0">
  <testcase classname="MNO3.TC1_Jobs_Add1" name="Addjobs1" time="30.542"/>
  <testcase classname="MNO3.TC1_Jobs_Add1" name="Addjobs2" time="25.723"/>
</testsuite> <!-- MNO3.TC1_Jobs_Add1 -->
