<?xml version="1.0" encoding="UTF-8"?>
<!-- Generated by org.testng.reporters.JUnitReportReporter -->
<testsuite hostname="LAPTOP-UL4VISUC" failures="0" tests="1" name="Java_Script_Executor.ScrollingPage" time="18.726" errors="0" timestamp="2024-06-24T18:22:31 IST" skipped="0">
  <testcase classname="Java_Script_Executor.ScrollingPage" name="ByPixel" time="18.726"/>
</testsuite> <!-- Java_Script_Executor.ScrollingPage -->
