<?xml version="1.0" encoding="UTF-8"?>
<!-- Generated by org.testng.reporters.JUnitReportReporter -->
<testsuite hostname="LAPTOP-UL4VISUC" failures="0" tests="1" name="MNO4Parameters.TC1_Skills" time="27.845" errors="0" timestamp="2024-06-08T13:31:13 IST" skipped="0">
  <testcase classname="MNO4Parameters.TC1_Skills" name="LoginTest" time="27.845"/>
</testsuite> <!-- MNO4Parameters.TC1_Skills -->
