<?xml version="1.0" encoding="UTF-8"?>
<!-- Generated by org.testng.reporters.JUnitReportReporter -->
<testsuite hostname="LAPTOP-UL4VISUC" failures="0" tests="1" name="MNO1.TC1_Login" time="0.008" errors="0" timestamp="2024-06-05T15:04:41 IST" skipped="0">
  <testcase classname="MNO1.TC1_Login" name="Loginvalidation" time="0.008"/>
</testsuite> <!-- MNO1.TC1_Login -->
