<?xml version="1.0" encoding="UTF-8"?>
<!-- Generated by org.testng.reporters.JUnitReportReporter -->
<testsuite hostname="LAPTOP-UL4VISUC" failures="0" tests="1" name="MouseActions.TC03_RIght_Click" time="3.539" errors="0" timestamp="2024-06-21T19:33:38 IST" skipped="0">
  <testcase classname="MouseActions.TC03_RIght_Click" name="Login_Test" time="3.539"/>
</testsuite> <!-- MouseActions.TC03_RIght_Click -->
