<?xml version="1.0" encoding="UTF-8"?>
<!-- Generated by org.testng.reporters.JUnitReportReporter -->
<testsuite hostname="LAPTOP-UL4VISUC" failures="0" tests="1" name="Training.Training.Browser" time="11.892" errors="0" timestamp="2024-06-01T13:57:59 IST" skipped="0">
  <testcase classname="Training.Training.Browser" name="Login" time="11.892"/>
</testsuite> <!-- Training.Training.Browser -->
