<?xml version="1.0" encoding="UTF-8"?>
<!-- Generated by org.testng.reporters.JUnitReportReporter -->
<testsuite hostname="LAPTOP-UL4VISUC" failures="0" tests="1" name="MNO4Parameters.TC1_Skills2" time="26.062" errors="0" timestamp="2024-06-08T14:33:51 IST" skipped="0">
  <testcase classname="MNO4Parameters.TC1_Skills2" name="LoginTest" time="26.062"/>
</testsuite> <!-- MNO4Parameters.TC1_Skills2 -->
