<?xml version="1.0" encoding="UTF-8"?>
<!-- Generated by org.testng.reporters.JUnitReportReporter -->
<testsuite hostname="LAPTOP-UL4VISUC" failures="0" tests="1" name="MNO4Parameters.TC1_Skills3" time="26.761" errors="0" timestamp="2024-06-08T14:31:18 IST" skipped="0">
  <testcase classname="MNO4Parameters.TC1_Skills3" name="LoginTest" time="26.761"/>
</testsuite> <!-- MNO4Parameters.TC1_Skills3 -->
