<?xml version="1.0" encoding="UTF-8"?>
<!-- Generated by org.testng.reporters.JUnitReportReporter -->
<testsuite hostname="LAPTOP-UL4VISUC" failures="0" tests="1" name="MNO3.TC1_Jobs_Add" time="0.024" errors="0" timestamp="2024-07-03T12:44:49 IST" skipped="0">
  <testcase classname="MNO3.TC1_Jobs_Add" name="f" time="0.024"/>
</testsuite> <!-- MNO3.TC1_Jobs_Add -->
