<?xml version="1.0" encoding="UTF-8"?>
<!-- Generated by org.testng.reporters.JUnitReportReporter -->
<testsuite hostname="LAPTOP-UL4VISUC" failures="0" tests="1" name="MouseActions.DragandDropActions" time="8.239" errors="0" timestamp="2024-06-21T20:30:13 IST" skipped="0">
  <testcase classname="MouseActions.DragandDropActions" name="Login_Test" time="8.239"/>
</testsuite> <!-- MouseActions.DragandDropActions -->
