<?xml version="1.0" encoding="UTF-8"?>
<!-- Generated by org.testng.reporters.JUnitReportReporter -->
<testsuite hostname="LAPTOP-UL4VISUC" failures="0" tests="1" name="MNO1.TC2_Login" time="19.830" errors="0" timestamp="2024-07-03T16:53:08 IST" skipped="0">
  <testcase classname="MNO1.TC2_Login" name="Login" time="19.830"/>
</testsuite> <!-- MNO1.TC2_Login -->
