<?xml version="1.0" encoding="UTF-8"?>
<!-- Generated by org.testng.reporters.JUnitReportReporter -->
<testsuite hostname="LAPTOP-UL4VISUC" failures="0" tests="1" name="MouseActions.TC01_MouseOver" time="21.127" errors="0" timestamp="2024-06-21T19:05:45 IST" skipped="0">
  <testcase classname="MouseActions.TC01_MouseOver" name="f" time="21.127"/>
</testsuite> <!-- MouseActions.TC01_MouseOver -->
